<?xml version="1.0" encoding="UTF-8"?>
<!-- Generated by org.testng.reporters.JUnitReportReporter -->
<testsuite hostname="Ingc-PC" failures="0" tests="7" name="org.example.CheckingAboutMePage" time="11.500" errors="0" timestamp="2025-08-05T15:58:42 MSK" skipped="0">
  <testcase classname="org.example.CheckingAboutMePage" name="CheckingAllPublicationsPoint" time="1.160"/>
  <system-out/>
  <testcase classname="org.example.CheckingAboutMePage" name="CheckingAboutMePoint" time="1.203"/>
  <system-out/>
  <testcase classname="org.example.CheckingAboutMePage" name="CheckingContactsPoint" time="2.674"/>
  <system-out/>
  <testcase classname="org.example.CheckingAboutMePage" name="CheckingEducationPoint" time="1.304"/>
  <system-out/>
  <testcase classname="org.example.CheckingAboutMePage" name="CheckTitleMePage" time="1.074"/>
  <system-out/>
  <testcase classname="org.example.CheckingAboutMePage" name="CheckingMainPoint" time="2.951"/>
  <system-out/>
  <testcase classname="org.example.CheckingAboutMePage" name="CheckingHeader" time="1.134"/>
  <system-out/>
</testsuite> <!-- org.example.CheckingAboutMePage -->
