<?xml version="1.0" encoding="UTF-8"?>
<!-- Generated by org.testng.reporters.JUnitReportReporter -->
<testsuite hostname="Ingc-PC" failures="0" tests="1" name="org.example.CheckingConsultationRequestForms" time="2.149" errors="0" timestamp="2025-08-05T15:51:51 MSK" skipped="0">
  <testcase classname="org.example.CheckingConsultationRequestForms" name="CheckingConsultationRequestForms" time="2.149"/>
  <system-out/>
</testsuite> <!-- org.example.CheckingConsultationRequestForms -->
