<?xml version="1.0" encoding="UTF-8"?>
<!-- Generated by org.testng.reporters.JUnitReportReporter -->
<testsuite hostname="Ingc-PC" failures="0" tests="12" name="org.example.CheckingMainPage" time="29.399" errors="0" timestamp="2025-08-05T15:52:32 MSK" skipped="0">
  <testcase classname="org.example.CheckingMainPage" name="logoSearch" time="2.197"/>
  <system-out/>
  <testcase classname="org.example.CheckingMainPage" name="chekButton2Element" time="2.357"/>
  <system-out/>
  <testcase classname="org.example.CheckingMainPage" name="chekFifthElementMenu" time="2.951"/>
  <system-out/>
  <testcase classname="org.example.CheckingMainPage" name="checkingPublicationBlock" time="2.676"/>
  <system-out/>
  <testcase classname="org.example.CheckingMainPage" name="checkRequestConsultation" time="2.464"/>
  <system-out/>
  <testcase classname="org.example.CheckingMainPage" name="checkingMenuMainPage" time="2.749"/>
  <system-out/>
  <testcase classname="org.example.CheckingMainPage" name="checkingPublicationSection" time="2.164"/>
  <system-out/>
  <testcase classname="org.example.CheckingMainPage" name="chekIntroButtonElement" time="2.760"/>
  <system-out/>
  <testcase classname="org.example.CheckingMainPage" name="checkButton1Element" time="2.164"/>
  <system-out/>
  <testcase classname="org.example.CheckingMainPage" name="checkTitle" time="2.150"/>
  <system-out/>
  <testcase classname="org.example.CheckingMainPage" name="chekWhyButtonElement" time="2.285"/>
  <system-out/>
  <testcase classname="org.example.CheckingMainPage" name="chekHowButtonElement" time="2.482"/>
  <system-out/>
</testsuite> <!-- org.example.CheckingMainPage -->
