<?xml version="1.0" encoding="UTF-8"?>
<!-- Generated by org.testng.reporters.JUnitReportReporter -->
<testsuite hostname="Ingc-PC" failures="0" tests="5" name="org.example.CheckingEducationPage" time="9.279" errors="0" timestamp="2025-08-05T15:52:03 MSK" skipped="0">
  <testcase classname="org.example.CheckingEducationPage" name="checkFifthPoint" time="2.511"/>
  <system-out/>
  <testcase classname="org.example.CheckingEducationPage" name="checktitle" time="1.202"/>
  <system-out/>
  <testcase classname="org.example.CheckingEducationPage" name="checkFourthPoint" time="1.550"/>
  <system-out/>
  <testcase classname="org.example.CheckingEducationPage" name="checkMainPoint" time="2.612"/>
  <system-out/>
  <testcase classname="org.example.CheckingEducationPage" name="checkSecondPoint" time="1.404"/>
  <system-out/>
</testsuite> <!-- org.example.CheckingEducationPage -->
