<?xml version="1.0" encoding="UTF-8"?>
<!-- Generated by org.testng.reporters.JUnitReportReporter -->
<testsuite hostname="Ingc-PC" failures="0" tests="1" name="org.example.CheckingContactForms" time="2.305" errors="0" timestamp="2025-08-05T15:51:53 MSK" skipped="0">
  <testcase classname="org.example.CheckingContactForms" name="checkingContactForms" time="2.305"/>
  <system-out/>
</testsuite> <!-- org.example.CheckingContactForms -->
